d:\lsb\work_dir\tbox\tcam\mycode\pc\vs2017\businessserviceframeworkportable\port\volvooncall\bussinessserviceframework\x64\debug\bussinessserviceframework.pdb
d:\lsb\work_dir\tbox\tcam\mycode\pc\vs2017\businessserviceframeworkportable\port\volvooncall\bussinessserviceframework\x64\debug\bussinessserviceframework.idb
d:\lsb\work_dir\tbox\tcam\mycode\pc\vs2017\businessserviceframeworkportable\port\volvooncall\bussinessserviceframework\x64\debug\bsfwk_statemachineserviceentity.obj
d:\lsb\work_dir\tbox\tcam\mycode\pc\vs2017\businessserviceframeworkportable\port\volvooncall\bussinessserviceframework\x64\debug\bsfwk_statemachinejobentity.obj
d:\lsb\work_dir\tbox\tcam\mycode\pc\vs2017\businessserviceframeworkportable\port\volvooncall\bussinessserviceframework\x64\debug\bsfwk_serviceentitybase.obj
d:\lsb\work_dir\tbox\tcam\mycode\pc\vs2017\businessserviceframeworkportable\port\volvooncall\bussinessserviceframework\x64\debug\bsfwk_jobentitybase.obj
d:\lsb\work_dir\tbox\tcam\mycode\pc\vs2017\businessserviceframeworkportable\port\volvooncall\bussinessserviceframework\x64\debug\bsfwk_global.obj
d:\lsb\work_dir\tbox\tcam\mycode\pc\vs2017\businessserviceframeworkportable\port\volvooncall\bussinessserviceframework\x64\debug\bsfwk_entityfactorybase.obj
d:\lsb\work_dir\tbox\tcam\mycode\pc\vs2017\businessserviceframeworkportable\port\volvooncall\bussinessserviceframework\x64\debug\bsfwk_common.obj
d:\lsb\work_dir\tbox\tcam\mycode\pc\vs2017\businessserviceframeworkportable\port\volvooncall\bussinessserviceframework\x64\debug\bsfwk_businessservicestatemachine.obj
d:\lsb\work_dir\tbox\tcam\mycode\pc\vs2017\businessserviceframeworkportable\port\volvooncall\bussinessserviceframework\x64\debug\bsfwk_businessservice.obj
d:\lsb\work_dir\tbox\tcam\mycode\pc\vs2017\businessserviceframeworkportable\port\volvooncall\bussinessserviceframework\x64\debug\bsfwk_businessserver.obj
d:\lsb\work_dir\tbox\tcam\mycode\pc\vs2017\businessserviceframeworkportable\port\volvooncall\bussinessserviceframework\x64\debug\bsfwk_businessjobstatemachine.obj
d:\lsb\work_dir\tbox\tcam\mycode\pc\vs2017\businessserviceframeworkportable\x64\debug\bussinessserviceframework.lib
d:\lsb\work_dir\tbox\tcam\mycode\pc\vs2017\businessserviceframeworkportable\x64\debug\bussinessserviceframework.pdb
d:\lsb\work_dir\tbox\tcam\mycode\pc\vs2017\businessserviceframeworkportable\port\volvooncall\bussinessserviceframework\x64\debug\bussines.b37ffcd1.tlog\cl.command.1.tlog
d:\lsb\work_dir\tbox\tcam\mycode\pc\vs2017\businessserviceframeworkportable\port\volvooncall\bussinessserviceframework\x64\debug\bussines.b37ffcd1.tlog\cl.read.1.tlog
d:\lsb\work_dir\tbox\tcam\mycode\pc\vs2017\businessserviceframeworkportable\port\volvooncall\bussinessserviceframework\x64\debug\bussines.b37ffcd1.tlog\cl.write.1.tlog
d:\lsb\work_dir\tbox\tcam\mycode\pc\vs2017\businessserviceframeworkportable\port\volvooncall\bussinessserviceframework\x64\debug\bussines.b37ffcd1.tlog\lib-link.read.1.tlog
d:\lsb\work_dir\tbox\tcam\mycode\pc\vs2017\businessserviceframeworkportable\port\volvooncall\bussinessserviceframework\x64\debug\bussines.b37ffcd1.tlog\lib-link.write.1.tlog
d:\lsb\work_dir\tbox\tcam\mycode\pc\vs2017\businessserviceframeworkportable\port\volvooncall\bussinessserviceframework\x64\debug\bussines.b37ffcd1.tlog\lib.command.1.tlog
