d:\lsb\work_dir\tbox\tcam\mycode\pc\vs2017\businessserviceframeworkportable\port\serviceframework\project\vs2015\serviceframework\serviceframework\x64\debug\vc141.pdb
d:\lsb\work_dir\tbox\tcam\mycode\pc\vs2017\businessserviceframeworkportable\port\serviceframework\project\vs2015\serviceframework\serviceframework\x64\debug\vc141.idb
d:\lsb\work_dir\tbox\tcam\mycode\pc\vs2017\businessserviceframeworkportable\port\serviceframework\project\vs2015\serviceframework\serviceframework\x64\debug\stringutils.obj
d:\lsb\work_dir\tbox\tcam\mycode\pc\vs2017\businessserviceframeworkportable\port\serviceframework\project\vs2015\serviceframework\serviceframework\x64\debug\statemachinemaster.obj
d:\lsb\work_dir\tbox\tcam\mycode\pc\vs2017\businessserviceframeworkportable\port\serviceframework\project\vs2015\serviceframework\serviceframework\x64\debug\socket.obj
d:\lsb\work_dir\tbox\tcam\mycode\pc\vs2017\businessserviceframeworkportable\port\serviceframework\project\vs2015\serviceframework\serviceframework\x64\debug\semaphore_win32.obj
d:\lsb\work_dir\tbox\tcam\mycode\pc\vs2017\businessserviceframeworkportable\port\serviceframework\project\vs2015\serviceframework\serviceframework\x64\debug\semaphore.obj
d:\lsb\work_dir\tbox\tcam\mycode\pc\vs2017\businessserviceframeworkportable\port\serviceframework\project\vs2015\serviceframework\serviceframework\x64\debug\runnable.obj
d:\lsb\work_dir\tbox\tcam\mycode\pc\vs2017\businessserviceframeworkportable\port\serviceframework\project\vs2015\serviceframework\serviceframework\x64\debug\networkinterface.obj
d:\lsb\work_dir\tbox\tcam\mycode\pc\vs2017\businessserviceframeworkportable\port\serviceframework\project\vs2015\serviceframework\serviceframework\x64\debug\mutex_win32.obj
d:\lsb\work_dir\tbox\tcam\mycode\pc\vs2017\businessserviceframeworkportable\port\serviceframework\project\vs2015\serviceframework\serviceframework\x64\debug\mutex.obj
d:\lsb\work_dir\tbox\tcam\mycode\pc\vs2017\businessserviceframeworkportable\port\serviceframework\project\vs2015\serviceframework\serviceframework\x64\debug\istatemachine.obj
d:\lsb\work_dir\tbox\tcam\mycode\pc\vs2017\businessserviceframeworkportable\port\serviceframework\project\vs2015\serviceframework\serviceframework\x64\debug\ipaddress.obj
d:\lsb\work_dir\tbox\tcam\mycode\pc\vs2017\businessserviceframeworkportable\port\serviceframework\project\vs2015\serviceframework\serviceframework\x64\debug\ilifecycle.obj
d:\lsb\work_dir\tbox\tcam\mycode\pc\vs2017\businessserviceframeworkportable\port\serviceframework\project\vs2015\serviceframework\serviceframework\x64\debug\eventstatemachineresult.obj
d:\lsb\work_dir\tbox\tcam\mycode\pc\vs2017\businessserviceframeworkportable\port\serviceframework\project\vs2015\serviceframework\serviceframework\x64\debug\eventstatemachinecontrol.obj
d:\lsb\work_dir\tbox\tcam\mycode\pc\vs2017\businessserviceframeworkportable\port\serviceframework\project\vs2015\serviceframework\serviceframework\x64\debug\eventhandler.obj
d:\lsb\work_dir\tbox\tcam\mycode\pc\vs2017\businessserviceframeworkportable\port\serviceframework\project\vs2015\serviceframework\serviceframework\x64\debug\dynamiclibrary_win32.obj
d:\lsb\work_dir\tbox\tcam\mycode\pc\vs2017\businessserviceframeworkportable\port\serviceframework\project\vs2015\serviceframework\serviceframework\x64\debug\dynamiclibrary.obj
d:\lsb\work_dir\tbox\tcam\mycode\pc\vs2017\businessserviceframeworkportable\port\serviceframework\project\vs2015\serviceframework\serviceframework\x64\debug\comalog.obj
d:\lsb\work_dir\tbox\tcam\mycode\pc\vs2017\businessserviceframeworkportable\port\serviceframework\project\vs2015\serviceframework\serviceframework\x64\debug\binaryringbuffer.obj
d:\lsb\work_dir\tbox\tcam\mycode\pc\vs2017\businessserviceframeworkportable\port\serviceframework\project\vs2015\serviceframework\serviceframework\x64\debug\atomiccounter.obj
d:\lsb\work_dir\tbox\tcam\mycode\pc\vs2017\businessserviceframeworkportable\port\serviceframework\project\vs2015\serviceframework\serviceframework\x64\debug\timestamp.obj
d:\lsb\work_dir\tbox\tcam\mycode\pc\vs2017\businessserviceframeworkportable\port\serviceframework\project\vs2015\serviceframework\serviceframework\x64\debug\timer.obj
d:\lsb\work_dir\tbox\tcam\mycode\pc\vs2017\businessserviceframeworkportable\port\serviceframework\project\vs2015\serviceframework\serviceframework\x64\debug\timeelapse.obj
d:\lsb\work_dir\tbox\tcam\mycode\pc\vs2017\businessserviceframeworkportable\port\serviceframework\project\vs2015\serviceframework\serviceframework\x64\debug\thread_win32.obj
d:\lsb\work_dir\tbox\tcam\mycode\pc\vs2017\businessserviceframeworkportable\port\serviceframework\project\vs2015\serviceframework\serviceframework\x64\debug\threadeventqueue.obj
d:\lsb\work_dir\tbox\tcam\mycode\pc\vs2017\businessserviceframeworkportable\port\serviceframework\project\vs2015\serviceframework\serviceframework\x64\debug\thread.obj
d:\lsb\work_dir\tbox\tcam\mycode\pc\vs2017\businessserviceframeworkportable\port\serviceframework\project\vs2015\serviceframework\serviceframework\x64\debug\subject.obj
d:\lsb\work_dir\tbox\tcam\mycode\pc\vs2017\businessserviceframeworkportable\x64\debug\serviceframework.ilk
d:\lsb\work_dir\tbox\tcam\mycode\pc\vs2017\businessserviceframeworkportable\x64\debug\serviceframework.dll
d:\lsb\work_dir\tbox\tcam\mycode\pc\vs2017\businessserviceframeworkportable\x64\debug\serviceframework.pdb
d:\lsb\work_dir\tbox\tcam\mycode\pc\vs2017\businessserviceframeworkportable\x64\debug\serviceframework.lib
d:\lsb\work_dir\tbox\tcam\mycode\pc\vs2017\businessserviceframeworkportable\x64\debug\serviceframework.exp
d:\lsb\work_dir\tbox\tcam\mycode\pc\vs2017\businessserviceframeworkportable\port\serviceframework\project\vs2015\serviceframework\serviceframework\x64\debug\serviceframework.tlog\cl.command.1.tlog
d:\lsb\work_dir\tbox\tcam\mycode\pc\vs2017\businessserviceframeworkportable\port\serviceframework\project\vs2015\serviceframework\serviceframework\x64\debug\serviceframework.tlog\cl.read.1.tlog
d:\lsb\work_dir\tbox\tcam\mycode\pc\vs2017\businessserviceframeworkportable\port\serviceframework\project\vs2015\serviceframework\serviceframework\x64\debug\serviceframework.tlog\cl.write.1.tlog
d:\lsb\work_dir\tbox\tcam\mycode\pc\vs2017\businessserviceframeworkportable\port\serviceframework\project\vs2015\serviceframework\serviceframework\x64\debug\serviceframework.tlog\link.command.1.tlog
d:\lsb\work_dir\tbox\tcam\mycode\pc\vs2017\businessserviceframeworkportable\port\serviceframework\project\vs2015\serviceframework\serviceframework\x64\debug\serviceframework.tlog\link.read.1.tlog
d:\lsb\work_dir\tbox\tcam\mycode\pc\vs2017\businessserviceframeworkportable\port\serviceframework\project\vs2015\serviceframework\serviceframework\x64\debug\serviceframework.tlog\link.write.1.tlog
d:\lsb\work_dir\tbox\tcam\mycode\pc\vs2017\businessserviceframeworkportable\port\serviceframework\project\vs2015\serviceframework\serviceframework\x64\debug\serviceframework.tlog\serviceframework.write.1u.tlog
